<?xml version="1.0" encoding="UTF-8"?>
<!-- Generated by org.testng.reporters.JUnitReportReporter -->
<testsuite hostname="DESKTOP-PFN9DBG" failures="0" tests="1" name="projectrebtel.Getstartedclass" time="135.377" errors="0" timestamp="2023-11-17T13:32:11 CET" skipped="0">
  <testcase classname="projectrebtel.Getstartedclass" name="test" time="135.377"/>
</testsuite> <!-- projectrebtel.Getstartedclass -->
