<?xml version="1.0" encoding="UTF-8"?>
<!-- Generated by org.testng.reporters.JUnitReportReporter -->
<testsuite hostname="DESKTOP-PFN9DBG" failures="0" tests="1" name="projectrebtel.SwipeFunctionality" time="1.115" errors="0" timestamp="2023-11-17T12:19:46 CET" skipped="0">
  <testcase classname="projectrebtel.SwipeFunctionality" name="swipeDemo" time="1.115"/>
</testsuite> <!-- projectrebtel.SwipeFunctionality -->
