<?xml version="1.0" encoding="UTF-8"?>
<!-- Generated by org.testng.reporters.JUnitReportReporter -->
<testsuite hostname="DESKTOP-PFN9DBG" failures="0" tests="1" name="test.features.Registeration" time="87.613" errors="0" timestamp="2023-11-21T16:46:15 CET" skipped="0">
  <testcase classname="test.features.Registeration" name="RegisterUser" time="87.613"/>
</testsuite> <!-- test.features.Registeration -->
