<?xml version="1.0" encoding="UTF-8"?>
<!-- Generated by org.testng.reporters.JUnitReportReporter -->
<testsuite hostname="DESKTOP-PFN9DBG" failures="0" tests="1" name="projectrebtel.rebtelproject" time="106.737" errors="0" timestamp="2023-11-21T09:27:03 CET" skipped="0">
  <testcase classname="projectrebtel.rebtelproject" name="test" time="106.737"/>
</testsuite> <!-- projectrebtel.rebtelproject -->
